launcher/build/intermediates/manifest_merge_blame_file/debug/manifest-merger-blame-debug-report.txt
1<?xml version="1.0" encoding="utf-8"?>
2<!-- GENERATED BY UNITY. REMOVE THIS COMMENT TO PREVENT OVERWRITING WHEN EXPORTING AGAIN -->
3<manifest xmlns:android="http://schemas.android.com/apk/res/android"
4    package="org.desperu.earth"
5    android:installLocation="preferExternal"
6    android:versionCode="1"
7    android:versionName="0.1" >
8
9    <uses-sdk
10        android:minSdkVersion="19"
10-->src/main/AndroidManifest.xml
11        android:targetSdkVersion="30" />
11-->src/main/AndroidManifest.xml
12
13    <supports-screens
13-->src/main/AndroidManifest.xml:4:3-163
14        android:anyDensity="true"
14-->src/main/AndroidManifest.xml:4:135-160
15        android:largeScreens="true"
15-->src/main/AndroidManifest.xml:4:78-105
16        android:normalScreens="true"
16-->src/main/AndroidManifest.xml:4:49-77
17        android:smallScreens="true"
17-->src/main/AndroidManifest.xml:4:21-48
18        android:xlargeScreens="true" />
18-->src/main/AndroidManifest.xml:4:106-134
19
20    <uses-feature android:glEsVersion="0x00030000" />
20-->[:unityLibrary] AndroidManifest.xml:13:5-54
20-->[:unityLibrary] AndroidManifest.xml:13:19-51
21    <uses-feature
21-->[:unityLibrary] AndroidManifest.xml:14:5-16:36
22        android:name="android.hardware.vulkan.version"
22-->[:unityLibrary] AndroidManifest.xml:15:9-55
23        android:required="false" />
23-->[:unityLibrary] AndroidManifest.xml:16:9-33
24    <uses-feature
24-->[:unityLibrary] AndroidManifest.xml:17:5-19:36
25        android:name="android.hardware.touchscreen"
25-->[:unityLibrary] AndroidManifest.xml:18:9-52
26        android:required="false" />
26-->[:unityLibrary] AndroidManifest.xml:19:9-33
27    <uses-feature
27-->[:unityLibrary] AndroidManifest.xml:20:5-22:36
28        android:name="android.hardware.touchscreen.multitouch"
28-->[:unityLibrary] AndroidManifest.xml:21:9-63
29        android:required="false" />
29-->[:unityLibrary] AndroidManifest.xml:22:9-33
30    <uses-feature
30-->[:unityLibrary] AndroidManifest.xml:23:5-25:36
31        android:name="android.hardware.touchscreen.multitouch.distinct"
31-->[:unityLibrary] AndroidManifest.xml:24:9-72
32        android:required="false" />
32-->[:unityLibrary] AndroidManifest.xml:25:9-33
33
34    <application
34-->src/main/AndroidManifest.xml:5:3-116
35        android:debuggable="true"
36        android:extractNativeLibs="true"
36-->src/main/AndroidManifest.xml:5:16-48
37        android:icon="@mipmap/app_icon"
37-->src/main/AndroidManifest.xml:5:82-113
38        android:label="@string/app_name"
38-->src/main/AndroidManifest.xml:5:49-81
39        android:testOnly="true" >
40        <activity
40-->[:unityLibrary] AndroidManifest.xml:28:9-48:20
41            android:name="com.unity3d.player.UnityPlayerActivity"
41-->[:unityLibrary] AndroidManifest.xml:29:13-66
42            android:configChanges="mcc|mnc|locale|touchscreen|keyboard|keyboardHidden|navigation|orientation|screenLayout|uiMode|screenSize|smallestScreenSize|fontScale|layoutDirection|density"
42-->[:unityLibrary] AndroidManifest.xml:30:13-194
43            android:hardwareAccelerated="false"
43-->[:unityLibrary] AndroidManifest.xml:31:13-48
44            android:launchMode="singleTask"
44-->[:unityLibrary] AndroidManifest.xml:32:13-44
45            android:resizeableActivity="false"
45-->[:unityLibrary] AndroidManifest.xml:33:13-47
46            android:screenOrientation="fullSensor"
46-->[:unityLibrary] AndroidManifest.xml:34:13-51
47            android:theme="@style/UnityThemeSelector" >
47-->[:unityLibrary] AndroidManifest.xml:35:13-54
48            <intent-filter>
48-->[:unityLibrary] AndroidManifest.xml:36:13-40:29
49                <action android:name="android.intent.action.MAIN" />
49-->[:unityLibrary] AndroidManifest.xml:37:17-69
49-->[:unityLibrary] AndroidManifest.xml:37:25-66
50
51                <category android:name="android.intent.category.LAUNCHER" />
51-->[:unityLibrary] AndroidManifest.xml:39:17-77
51-->[:unityLibrary] AndroidManifest.xml:39:27-74
52            </intent-filter>
53
54            <meta-data
54-->[:unityLibrary] AndroidManifest.xml:42:13-44:40
55                android:name="unityplayer.UnityActivity"
55-->[:unityLibrary] AndroidManifest.xml:43:17-57
56                android:value="true" />
56-->[:unityLibrary] AndroidManifest.xml:44:17-37
57            <meta-data
57-->[:unityLibrary] AndroidManifest.xml:45:13-47:40
58                android:name="android.notch_support"
58-->[:unityLibrary] AndroidManifest.xml:46:17-53
59                android:value="true" />
59-->[:unityLibrary] AndroidManifest.xml:47:17-37
60        </activity>
61
62        <meta-data
62-->[:unityLibrary] AndroidManifest.xml:50:9-52:33
63            android:name="unity.splash-mode"
63-->[:unityLibrary] AndroidManifest.xml:51:13-45
64            android:value="0" />
64-->[:unityLibrary] AndroidManifest.xml:52:13-30
65        <meta-data
65-->[:unityLibrary] AndroidManifest.xml:53:9-55:36
66            android:name="unity.splash-enable"
66-->[:unityLibrary] AndroidManifest.xml:54:13-47
67            android:value="True" />
67-->[:unityLibrary] AndroidManifest.xml:55:13-33
68        <meta-data
68-->[:unityLibrary] AndroidManifest.xml:56:9-58:37
69            android:name="unity.allow-resizable-window"
69-->[:unityLibrary] AndroidManifest.xml:57:13-56
70            android:value="False" />
70-->[:unityLibrary] AndroidManifest.xml:58:13-34
71        <meta-data
71-->[:unityLibrary] AndroidManifest.xml:59:9-61:50
72            android:name="notch.config"
72-->[:unityLibrary] AndroidManifest.xml:60:13-40
73            android:value="portrait|landscape" />
73-->[:unityLibrary] AndroidManifest.xml:61:13-47
74        <meta-data
74-->[:unityLibrary] AndroidManifest.xml:62:9-64:68
75            android:name="unity.build-id"
75-->[:unityLibrary] AndroidManifest.xml:63:13-42
76            android:value="8324af2a-f043-4ae9-81f8-d0f430deaccb" />
76-->[:unityLibrary] AndroidManifest.xml:64:13-65
77    </application>
78
79</manifest>